\BOOKMARK [0][-]{chapter*.4}{Daftar Gambar}{}% 1
\BOOKMARK [0][-]{chapter*.5}{Daftar Tabel}{}% 2
\BOOKMARK [0][-]{chapter*.7}{Foreword}{}% 3
\BOOKMARK [0][-]{chapter*.8}{Kata Pengantar}{}% 4
\BOOKMARK [0][-]{chapter*.9}{Acknowledgments}{}% 5
\BOOKMARK [0][-]{chapter*.10}{Acronyms}{}% 6
\BOOKMARK [0][-]{chapter*.11}{Glossary}{}% 7
\BOOKMARK [0][-]{chapter*.12}{List of Symbols}{}% 8
\BOOKMARK [0][-]{chapter*.13}{Introduction}{}% 9
\BOOKMARK [0][-]{chapter*.13}{Rolly Maulana Awangga, S.T., M.T.}{}% 10
\BOOKMARK [0][-]{chapter.1}{Chapter 1}{}% 11
\BOOKMARK [1][-]{section.1.1}{1174035 - Luthfi Muhammad Nabil}{chapter.1}% 12
\BOOKMARK [2][-]{subsection.1.1.1}{Sejarah dan perkembangan Kecerdasan Buatan}{section.1.1}% 13
\BOOKMARK [2][-]{subsection.1.1.2}{Supervised Learning}{section.1.1}% 14
\BOOKMARK [2][-]{subsection.1.1.3}{Unsupervised Learning}{section.1.1}% 15
\BOOKMARK [2][-]{subsection.1.1.4}{Jenis - Jenis Dataset}{section.1.1}% 16
\BOOKMARK [2][-]{subsection.1.1.5}{Instalasi dan Percobaan Kompilasi dari Library Scikit-learn}{section.1.1}% 17
\BOOKMARK [2][-]{subsection.1.1.6}{Mencoba Loading and example dataset}{section.1.1}% 18
\BOOKMARK [2][-]{subsection.1.1.7}{Learning and Predicting}{section.1.1}% 19
\BOOKMARK [2][-]{subsection.1.1.8}{Model Persistence}{section.1.1}% 20
\BOOKMARK [2][-]{subsection.1.1.9}{Conventions}{section.1.1}% 21
\BOOKMARK [2][-]{subsection.1.1.10}{Skrinsut Error}{section.1.1}% 22
\BOOKMARK [2][-]{subsection.1.1.11}{Kode error dan jenis error tersebut}{section.1.1}% 23
\BOOKMARK [2][-]{subsection.1.1.12}{Penanganan Error}{section.1.1}% 24
\BOOKMARK [2][-]{subsection.1.1.13}{Plagiarisme}{section.1.1}% 25
\BOOKMARK [1][-]{section.1.2}{1174040 - Hagan Rowlenstino A. S}{chapter.1}% 26
\BOOKMARK [2][-]{subsection.1.2.1}{Teori}{section.1.2}% 27
\BOOKMARK [2][-]{subsection.1.2.2}{Instalasi}{section.1.2}% 28
\BOOKMARK [2][-]{subsection.1.2.3}{Penanganan Error}{section.1.2}% 29
\BOOKMARK [2][-]{subsection.1.2.4}{Cek Plagiarism}{section.1.2}% 30
\BOOKMARK [1][-]{section.1.3}{1174042 Faisal Najib Abdullah}{chapter.1}% 31
\BOOKMARK [2][-]{subsection.1.3.1}{Teori}{section.1.3}% 32
\BOOKMARK [2][-]{subsection.1.3.2}{Instalasi}{section.1.3}% 33
\BOOKMARK [2][-]{subsection.1.3.3}{Penanganan eror}{section.1.3}% 34
\BOOKMARK [2][-]{subsection.1.3.4}{Plagiat}{section.1.3}% 35
\BOOKMARK [2][-]{subsection.1.3.5}{Link}{section.1.3}% 36
\BOOKMARK [1][-]{section.1.4}{1174043 - Irvan Rizkiansyah}{chapter.1}% 37
\BOOKMARK [2][-]{subsection.1.4.1}{Definisi Kecerdasan Buatan}{section.1.4}% 38
\BOOKMARK [2][-]{subsection.1.4.2}{Sejarah dan Perkembangan}{section.1.4}% 39
\BOOKMARK [2][-]{subsection.1.4.3}{Supervised Learning}{section.1.4}% 40
\BOOKMARK [2][-]{subsection.1.4.4}{Unsupervised Learning}{section.1.4}% 41
\BOOKMARK [2][-]{subsection.1.4.5}{Teknik Klasifikasi}{section.1.4}% 42
\BOOKMARK [2][-]{subsection.1.4.6}{Regresi}{section.1.4}% 43
\BOOKMARK [2][-]{subsection.1.4.7}{Training Set}{section.1.4}% 44
\BOOKMARK [2][-]{subsection.1.4.8}{Testing Set}{section.1.4}% 45
\BOOKMARK [2][-]{subsection.1.4.9}{Instalasi dan Percobaan Kompilasi dari Library Scikit-learn}{section.1.4}% 46
\BOOKMARK [2][-]{subsection.1.4.10}{Mencoba Loading an example dataset}{section.1.4}% 47
\BOOKMARK [2][-]{subsection.1.4.11}{Mencoba Learning and Predicting}{section.1.4}% 48
\BOOKMARK [2][-]{subsection.1.4.12}{Mencoba Model Persistence}{section.1.4}% 49
\BOOKMARK [2][-]{subsection.1.4.13}{Mencoba Conventions}{section.1.4}% 50
\BOOKMARK [1][-]{section.1.5}{1174050 Dika Sukma Pradana}{chapter.1}% 51
\BOOKMARK [2][-]{subsection.1.5.1}{Teori}{section.1.5}% 52
\BOOKMARK [2][-]{subsection.1.5.2}{Instalasi}{section.1.5}% 53
\BOOKMARK [2][-]{subsection.1.5.3}{Percobaan}{section.1.5}% 54
\BOOKMARK [2][-]{subsection.1.5.4}{Penanganan eror}{section.1.5}% 55
\BOOKMARK [2][-]{subsection.1.5.5}{Plagiarism}{section.1.5}% 56
\BOOKMARK [1][-]{section.1.6}{1174057 Alit Fajar Kurniawan}{chapter.1}% 57
\BOOKMARK [2][-]{subsection.1.6.1}{Teori}{section.1.6}% 58
\BOOKMARK [2][-]{subsection.1.6.2}{Praktek}{section.1.6}% 59
\BOOKMARK [2][-]{subsection.1.6.3}{Penanganan Error}{section.1.6}% 60
\BOOKMARK [2][-]{subsection.1.6.4}{Bukti Tidak Plagiat}{section.1.6}% 61
\BOOKMARK [1][-]{section.1.7}{1174039 - Liyana Majdah Rahma}{chapter.1}% 62
\BOOKMARK [2][-]{subsection.1.7.1}{Teori}{section.1.7}% 63
\BOOKMARK [2][-]{subsection.1.7.2}{Instalasi}{section.1.7}% 64
\BOOKMARK [2][-]{subsection.1.7.3}{Penanganan Error}{section.1.7}% 65
\BOOKMARK [2][-]{subsection.1.7.4}{Cek Plagiarism}{section.1.7}% 66
\BOOKMARK [0][-]{chapter.2}{Chapter 2}{}% 67
\BOOKMARK [1][-]{section.2.1}{1174042 Faisal Najib Abdullah}{chapter.2}% 68
\BOOKMARK [2][-]{subsection.2.1.1}{Teori}{section.2.1}% 69
\BOOKMARK [2][-]{subsection.2.1.2}{Sikic-Learn}{section.2.1}% 70
\BOOKMARK [2][-]{subsection.2.1.3}{Penanganan Error}{section.2.1}% 71
\BOOKMARK [2][-]{subsection.2.1.4}{Plagiat}{section.2.1}% 72
\BOOKMARK [1][-]{section.2.2}{1174035 Luthfi Muhammad Nabil}{chapter.2}% 73
\BOOKMARK [2][-]{subsection.2.2.1}{Teori}{section.2.2}% 74
\BOOKMARK [2][-]{subsection.2.2.2}{Scikit-Learn}{section.2.2}% 75
\BOOKMARK [2][-]{subsection.2.2.3}{Skrinsut Error}{section.2.2}% 76
\BOOKMARK [2][-]{subsection.2.2.4}{Penanganan Error}{section.2.2}% 77
\BOOKMARK [2][-]{subsection.2.2.5}{Plagiarisme}{section.2.2}% 78
\BOOKMARK [1][-]{section.2.3}{1174057 - Alit Fajar Kurniawan}{chapter.2}% 79
\BOOKMARK [2][-]{subsection.2.3.1}{Teori}{section.2.3}% 80
\BOOKMARK [2][-]{subsection.2.3.2}{Praktek}{section.2.3}% 81
\BOOKMARK [2][-]{subsection.2.3.3}{Penanganan Error}{section.2.3}% 82
\BOOKMARK [2][-]{subsection.2.3.4}{Bukti Tidak Plagiat}{section.2.3}% 83
\BOOKMARK [1][-]{section.2.4}{1174050 Dika Sukma Pradana}{chapter.2}% 84
\BOOKMARK [2][-]{subsection.2.4.1}{Teori}{section.2.4}% 85
\BOOKMARK [2][-]{subsection.2.4.2}{Sikic-Learn}{section.2.4}% 86
\BOOKMARK [2][-]{subsection.2.4.3}{Penanganan Error}{section.2.4}% 87
\BOOKMARK [2][-]{subsection.2.4.4}{Plagiat}{section.2.4}% 88
\BOOKMARK [1][-]{section.2.5}{1174039 Liyana Majdah Rahma}{chapter.2}% 89
\BOOKMARK [2][-]{subsection.2.5.1}{Teori}{section.2.5}% 90
\BOOKMARK [2][-]{subsection.2.5.2}{Sikic-Learn}{section.2.5}% 91
\BOOKMARK [2][-]{subsection.2.5.3}{Penanganan Error}{section.2.5}% 92
\BOOKMARK [2][-]{subsection.2.5.4}{Plagiat}{section.2.5}% 93
\BOOKMARK [1][-]{section.2.6}{1174043 Irvan Rizkiansyah}{chapter.2}% 94
\BOOKMARK [2][-]{subsection.2.6.1}{Teori}{section.2.6}% 95
\BOOKMARK [2][-]{subsection.2.6.2}{Scikit-Learn}{section.2.6}% 96
\BOOKMARK [1][-]{section.2.7}{1174040 - Hagan Rowlenstino A. S}{chapter.2}% 97
\BOOKMARK [2][-]{subsection.2.7.1}{Teori}{section.2.7}% 98
\BOOKMARK [2][-]{subsection.2.7.2}{scikit-learn}{section.2.7}% 99
\BOOKMARK [2][-]{subsection.2.7.3}{Penanganan Error}{section.2.7}% 100
\BOOKMARK [0][-]{chapter.3}{Chapter 3}{}% 101
\BOOKMARK [1][-]{subsection.3.0.1}{Soal Teori}{chapter.3}% 102
\BOOKMARK [1][-]{section.3.1}{Faisal Najib Abdullah / 1174042}{chapter.3}% 103
\BOOKMARK [2][-]{subsection.3.1.1}{Teori}{section.3.1}% 104
\BOOKMARK [2][-]{subsection.3.1.2}{Praktikum}{section.3.1}% 105
\BOOKMARK [2][-]{subsection.3.1.3}{Penanganan Error / cokro}{section.3.1}% 106
\BOOKMARK [1][-]{section.3.2}{1174040 - Hagan Rowlenstino A. S}{chapter.3}% 107
\BOOKMARK [2][-]{subsection.3.2.1}{Teori}{section.3.2}% 108
\BOOKMARK [2][-]{subsection.3.2.2}{Praktek}{section.3.2}% 109
\BOOKMARK [2][-]{subsection.3.2.3}{Penanganan Error}{section.3.2}% 110
\BOOKMARK [1][-]{section.3.3}{1174050 Dika Sukma Pradana}{chapter.3}% 111
\BOOKMARK [2][-]{subsection.3.3.1}{Teori}{section.3.3}% 112
\BOOKMARK [2][-]{subsection.3.3.2}{Praktikum}{section.3.3}% 113
\BOOKMARK [2][-]{subsection.3.3.3}{Penanganan Error}{section.3.3}% 114
\BOOKMARK [1][-]{section.3.4}{1174057 Alit Fajar Kurniawan}{chapter.3}% 115
\BOOKMARK [2][-]{subsection.3.4.1}{Teori}{section.3.4}% 116
\BOOKMARK [2][-]{subsection.3.4.2}{Praktikum}{section.3.4}% 117
\BOOKMARK [2][-]{subsection.3.4.3}{Penanganan Error}{section.3.4}% 118
\BOOKMARK [1][-]{section.3.5}{1174039 - Liyana Majdah Rahma}{chapter.3}% 119
\BOOKMARK [2][-]{subsection.3.5.1}{Teori}{section.3.5}% 120
\BOOKMARK [2][-]{subsection.3.5.2}{Praktek}{section.3.5}% 121
\BOOKMARK [2][-]{subsection.3.5.3}{Penanganan Error}{section.3.5}% 122
\BOOKMARK [0][-]{chapter.4}{Chapter 4}{}% 123
\BOOKMARK [1][-]{section.4.1}{Faisal Najib Abdullah / 1174042}{chapter.4}% 124
\BOOKMARK [2][-]{subsection.4.1.1}{Teori}{section.4.1}% 125
\BOOKMARK [2][-]{subsection.4.1.2}{Praktek Program}{section.4.1}% 126
\BOOKMARK [2][-]{subsection.4.1.3}{Penanganan Error}{section.4.1}% 127
\BOOKMARK [1][-]{section.4.2}{1174040 - Hagan Rowlenstino A. S}{chapter.4}% 128
\BOOKMARK [2][-]{subsection.4.2.1}{Teori}{section.4.2}% 129
\BOOKMARK [2][-]{subsection.4.2.2}{Praktek}{section.4.2}% 130
\BOOKMARK [2][-]{subsection.4.2.3}{Penanganan Error}{section.4.2}% 131
\BOOKMARK [1][-]{section.4.3}{Alit Fajar Kurniawan 1174057}{chapter.4}% 132
\BOOKMARK [2][-]{subsection.4.3.1}{Teori}{section.4.3}% 133
\BOOKMARK [2][-]{subsection.4.3.2}{Praktek Program}{section.4.3}% 134
\BOOKMARK [2][-]{subsection.4.3.3}{Penanganan Error}{section.4.3}% 135
\BOOKMARK [1][-]{section.4.4}{Luthfi Muhammad Nabil \(1174035\)}{chapter.4}% 136
\BOOKMARK [2][-]{subsection.4.4.1}{Teori}{section.4.4}% 137
\BOOKMARK [2][-]{subsection.4.4.2}{Praktek}{section.4.4}% 138
\BOOKMARK [2][-]{subsection.4.4.3}{Penanganan Error}{section.4.4}% 139
\BOOKMARK [1][-]{section.4.5}{1174039 - Liyana majdah rahma}{chapter.4}% 140
\BOOKMARK [2][-]{subsection.4.5.1}{Teori}{section.4.5}% 141
\BOOKMARK [2][-]{subsection.4.5.2}{Praktek}{section.4.5}% 142
\BOOKMARK [2][-]{subsection.4.5.3}{Penanganan Error}{section.4.5}% 143
\BOOKMARK [1][-]{section.4.6}{1174050 Dika Sukma Pradana}{chapter.4}% 144
\BOOKMARK [2][-]{subsection.4.6.1}{Teori}{section.4.6}% 145
\BOOKMARK [2][-]{subsection.4.6.2}{Praktek Program}{section.4.6}% 146
\BOOKMARK [2][-]{subsection.4.6.3}{Penanganan Error}{section.4.6}% 147
\BOOKMARK [0][-]{chapter.5}{Chapter 5}{}% 148
\BOOKMARK [1][-]{section.5.1}{1174042 Faisal Najib Abdullah}{chapter.5}% 149
\BOOKMARK [2][-]{subsection.5.1.1}{Teori}{section.5.1}% 150
\BOOKMARK [2][-]{subsection.5.1.2}{Praktikum}{section.5.1}% 151
\BOOKMARK [2][-]{subsection.5.1.3}{Penanganan Error}{section.5.1}% 152
\BOOKMARK [1][-]{section.5.2}{1174040 - Hagan Rowlenstino A. S}{chapter.5}% 153
\BOOKMARK [2][-]{subsection.5.2.1}{Teori}{section.5.2}% 154
\BOOKMARK [2][-]{subsection.5.2.2}{Praktek}{section.5.2}% 155
\BOOKMARK [1][-]{section.5.3}{Luthfi Muhammad Nabil \(1174035\)}{chapter.5}% 156
\BOOKMARK [2][-]{subsection.5.3.1}{Teori}{section.5.3}% 157
\BOOKMARK [1][-]{section.5.4}{1174039- Liyana Majdah Rahma}{chapter.5}% 158
\BOOKMARK [2][-]{subsection.5.4.1}{Teori}{section.5.4}% 159
\BOOKMARK [2][-]{subsection.5.4.2}{Praktek}{section.5.4}% 160
\BOOKMARK [1][-]{section.5.5}{1174050 Dika Sukma Pradana}{chapter.5}% 161
\BOOKMARK [2][-]{subsection.5.5.1}{Teori}{section.5.5}% 162
\BOOKMARK [2][-]{subsection.5.5.2}{Praktek}{section.5.5}% 163
\BOOKMARK [1][-]{section.5.6}{1174057 Alit Fajar Kurniawan}{chapter.5}% 164
\BOOKMARK [2][-]{subsection.5.6.1}{Teori}{section.5.6}% 165
\BOOKMARK [2][-]{subsection.5.6.2}{Praktek}{section.5.6}% 166
\BOOKMARK [2][-]{subsection.5.6.3}{Penanganan Error}{section.5.6}% 167
\BOOKMARK [0][-]{chapter.6}{Chapter 6}{}% 168
\BOOKMARK [1][-]{section.6.1}{Faisal Najib ABdullah / 1174042}{chapter.6}% 169
\BOOKMARK [2][-]{subsection.6.1.1}{Teori}{section.6.1}% 170
\BOOKMARK [2][-]{subsection.6.1.2}{Praktikum}{section.6.1}% 171
\BOOKMARK [1][-]{section.6.2}{1174039- Liyana Majdah Rahma}{chapter.6}% 172
\BOOKMARK [2][-]{subsection.6.2.1}{Teori}{section.6.2}% 173
\BOOKMARK [2][-]{subsection.6.2.2}{Praktek}{section.6.2}% 174
\BOOKMARK [1][-]{section.6.3}{1174040 - Hagan Rowlenstino A. S}{chapter.6}% 175
\BOOKMARK [2][-]{subsection.6.3.1}{Teori}{section.6.3}% 176
\BOOKMARK [2][-]{subsection.6.3.2}{Praktek}{section.6.3}% 177
\BOOKMARK [1][-]{section.6.4}{Luthfi Muhammad Nabil \(1174035\)}{chapter.6}% 178
\BOOKMARK [2][-]{subsection.6.4.1}{Praktek}{section.6.4}% 179
\BOOKMARK [2][-]{subsection.6.4.2}{Skrinsut error}{section.6.4}% 180
\BOOKMARK [1][-]{section.6.5}{1174050 Dika Sukma Pradana}{chapter.6}% 181
\BOOKMARK [2][-]{subsection.6.5.1}{Teori}{section.6.5}% 182
\BOOKMARK [2][-]{subsection.6.5.2}{Praktek}{section.6.5}% 183
\BOOKMARK [1][-]{section.6.6}{1174057 Alit Fajar Kurniawan}{chapter.6}% 184
\BOOKMARK [2][-]{subsection.6.6.1}{Teori}{section.6.6}% 185
\BOOKMARK [2][-]{subsection.6.6.2}{Praktek}{section.6.6}% 186
\BOOKMARK [2][-]{subsection.6.6.3}{Plagiarisme}{section.6.6}% 187
\BOOKMARK [0][-]{chapter.7}{Chapter 7}{}% 188
\BOOKMARK [1][-]{section.7.1}{Faisal Najib Abdullah / 1174042}{chapter.7}% 189
\BOOKMARK [2][-]{subsection.7.1.1}{Teori}{section.7.1}% 190
\BOOKMARK [2][-]{subsection.7.1.2}{Pemrograman}{section.7.1}% 191
\BOOKMARK [1][-]{section.7.2}{Luthfi Muhammad Nabil \(1174035\)}{chapter.7}% 192
\BOOKMARK [2][-]{subsection.7.2.1}{Soal Teori}{section.7.2}% 193
\BOOKMARK [2][-]{subsection.7.2.2}{Praktek Program}{section.7.2}% 194
\BOOKMARK [1][-]{section.7.3}{1174040 - Hagan Rowlenstino A. S}{chapter.7}% 195
\BOOKMARK [2][-]{subsection.7.3.1}{Teori}{section.7.3}% 196
\BOOKMARK [2][-]{subsection.7.3.2}{Pemrograman}{section.7.3}% 197
\BOOKMARK [1][-]{section.7.4}{1174039- Liyana Majdah Rahma}{chapter.7}% 198
\BOOKMARK [2][-]{subsection.7.4.1}{Teori}{section.7.4}% 199
\BOOKMARK [2][-]{subsection.7.4.2}{Praktek}{section.7.4}% 200
